<?xml version="1.0" encoding="UTF-8"?>
<!-- Generated by org.testng.reporters.JUnitReportReporter -->
<testsuite hostname="admin-PC" name="com.qa.tests.HomePageTest" tests="4" failures="0" timestamp="25 May 2019 05:55:44 GMT" time="115.394" errors="0">
  <testcase name="todaysDateTest" time="29.879" classname="com.qa.tests.HomePageTest"/>
  <testcase name="CRMImageTest" time="27.296" classname="com.qa.tests.HomePageTest"/>
  <testcase name="loggedInUserTest" time="29.237" classname="com.qa.tests.HomePageTest"/>
  <testcase name="verifySearch" time="28.982" classname="com.qa.tests.HomePageTest"/>
</testsuite> <!-- com.qa.tests.HomePageTest -->
