<?xml version="1.0" encoding="UTF-8"?>
<!-- Generated by org.testng.reporters.JUnitReportReporter -->
<testsuite hostname="admin-PC" name="com.qa.tests.LoginTest" tests="2" failures="0" timestamp="25 May 2019 05:55:44 GMT" time="68.470" errors="0">
  <testcase name="verifyloginTest" time="48.277" classname="com.qa.tests.LoginTest"/>
  <testcase name="loginPageTitleTest" time="20.193" classname="com.qa.tests.LoginTest"/>
</testsuite> <!-- com.qa.tests.LoginTest -->
