<?xml version="1.0" encoding="UTF-8"?>
<!-- Generated by org.testng.reporters.JUnitReportReporter -->
<testsuite hostname="admin-PC" name="com.qa.tests.LoginTest" tests="1" failures="0" timestamp="4 Mar 2019 15:52:49 GMT" time="45.713" errors="0">
  <testcase name="verifyCRMLogin" time="45.713" classname="com.qa.tests.LoginTest"/>
</testsuite> <!-- com.qa.tests.LoginTest -->
