<?xml version="1.0" encoding="UTF-8"?>
<!-- Generated by org.testng.reporters.JUnitReportReporter -->
<testsuite hostname="admin-PC" name="com.qa.tests.LoginTest" tests="2" failures="0" timestamp="25 May 2019 06:11:22 GMT" time="74.387" errors="0">
  <testcase name="verifyloginTest" time="60.386" classname="com.qa.tests.LoginTest"/>
  <testcase name="loginPageTitleTest" time="14.001" classname="com.qa.tests.LoginTest"/>
</testsuite> <!-- com.qa.tests.LoginTest -->
