<?xml version="1.0" encoding="UTF-8"?>
<!-- Generated by org.testng.reporters.JUnitReportReporter -->
<testsuite hostname="admin-PC" name="com.qa.tests.LoginTest" tests="1" failures="0" timestamp="4 Mar 2019 16:06:16 GMT" time="23.022" errors="0">
  <testcase name="verifyCRMLogin" time="23.022" classname="com.qa.tests.LoginTest"/>
</testsuite> <!-- com.qa.tests.LoginTest -->
