<?xml version="1.0" encoding="UTF-8"?>
<!-- Generated by org.testng.reporters.JUnitReportReporter -->
<testsuite hostname="admin-PC" name="com.qa.tests.DemoTest1" tests="2" failures="0" timestamp="4 Mar 2019 16:06:16 GMT" time="0.000" errors="0">
  <testcase name="sum" time="0.000" classname="com.qa.tests.DemoTest1"/>
  <testcase name="sub" time="0.000" classname="com.qa.tests.DemoTest1"/>
</testsuite> <!-- com.qa.tests.DemoTest1 -->
