<?xml version="1.0" encoding="UTF-8"?>
<!-- Generated by org.testng.reporters.JUnitReportReporter -->
<testsuite hostname="admin-PC" name="com.qa.tests.HomePageTest" tests="4" failures="0" timestamp="25 May 2019 06:11:22 GMT" time="107.675" errors="0">
  <testcase name="CRMImageTest" time="28.508" classname="com.qa.tests.HomePageTest"/>
  <testcase name="verifySearch" time="26.329" classname="com.qa.tests.HomePageTest"/>
  <testcase name="loggedInUserTest" time="28.240" classname="com.qa.tests.HomePageTest"/>
  <testcase name="todaysDateTest" time="24.598" classname="com.qa.tests.HomePageTest"/>
</testsuite> <!-- com.qa.tests.HomePageTest -->
